[debug] [2022-11-23T02:12:29.802Z] ----------------------------------------------------------------------
[debug] [2022-11-23T02:12:29.803Z] Command:       C:\Program Files\nodejs\node.exe C:\Users\32489\AppData\Roaming\npm\node_modules\firebase-tools\lib\bin\firebase.js init
[debug] [2022-11-23T02:12:29.803Z] CLI Version:   11.16.1
[debug] [2022-11-23T02:12:29.803Z] Platform:      win32
[debug] [2022-11-23T02:12:29.804Z] Node Version:  v16.17.0
[debug] [2022-11-23T02:12:29.811Z] Time:          Wed Nov 23 2022 03:12:29 GMT+0100 (Central European Standard Time)
[debug] [2022-11-23T02:12:29.812Z] ----------------------------------------------------------------------
[debug] 
[debug] [2022-11-23T02:12:29.818Z] > command requires scopes: ["email","openid","https://www.googleapis.com/auth/cloudplatformprojects.readonly","https://www.googleapis.com/auth/firebase","https://www.googleapis.com/auth/cloud-platform"]
[debug] [2022-11-23T02:12:29.818Z] > authorizing via signed-in user (atoyanr@gmail.com)
[info] 
     ######## #### ########  ######## ########     ###     ######  ########
     ##        ##  ##     ## ##       ##     ##  ##   ##  ##       ##
     ######    ##  ########  ######   ########  #########  ######  ######
     ##        ##  ##    ##  ##       ##     ## ##     ##       ## ##
     ##       #### ##     ## ######## ########  ##     ##  ######  ########

You're about to initialize a Firebase project in this directory:

  C:\Users\32489\Desktop\PlayStation2 - Copy\playstation2

[info] 
=== Project Setup
[info] 
[info] First, let's associate this project directory with a Firebase project.
[info] You can create multiple project aliases by running firebase use --add, 
[info] but for now we'll just set up a default project.
[info] 
[debug] [2022-11-23T02:14:11.138Z] >>> [apiv2][query] GET https://firebase.googleapis.com/v1beta1/projects pageSize=100
[debug] [2022-11-23T02:14:11.788Z] <<< [apiv2][status] GET https://firebase.googleapis.com/v1beta1/projects 200
[debug] [2022-11-23T02:14:11.788Z] <<< [apiv2][body] GET https://firebase.googleapis.com/v1beta1/projects [omitted]
